[INFO] Scanning for projects...
[INFO] 
[INFO] ---------------------< com.lifeos:player-service >----------------------
[INFO] Building player-service 0.0.1-SNAPSHOT
[INFO]   from pom.xml
[INFO] --------------------------------[ jar ]---------------------------------
[INFO] 
[INFO] --- resources:3.3.1:resources (default-resources) @ player-service ---
[INFO] Copying 1 resource from src\main\resources to target\classes
[INFO] Copying 0 resource from src\main\resources to target\classes
[INFO] 
[INFO] --- compiler:3.11.0:compile (default-compile) @ player-service ---
[INFO] Changes detected - recompiling the module! :source
[INFO] Compiling 88 source files with javac [debug release 17] to target\classes
[INFO] Annotation processing is enabled because one or more processors were found
  on the class path. A future release of javac may disable annotation processing
  unless at least one processor is specified by name (-processor), or a search
  path is specified (--processor-path, --processor-module-path), or annotation
  processing is enabled explicitly (-proc:only, -proc:full).
  Use -Xlint:-options to suppress this message.
  Use -proc:none to disable annotation processing.
[INFO] -------------------------------------------------------------
[ERROR] COMPILATION ERROR : 
[INFO] -------------------------------------------------------------
[ERROR] /C:/Users/user/Desktop/life-os/backend/player-service/src/main/java/com/lifeos/progression/service/ProgressionService.java:[122,9] cannot find symbol
  symbol:   class Quest
  location: class com.lifeos.progression.service.ProgressionService
[ERROR] /C:/Users/user/Desktop/life-os/backend/player-service/src/main/java/com/lifeos/progression/service/ProgressionService.java:[126,70] cannot find symbol
  symbol:   variable MAIN
  location: class com.lifeos.quest.domain.enums.QuestCategory
[ERROR] /C:/Users/user/Desktop/life-os/backend/player-service/src/main/java/com/lifeos/progression/service/ProgressionService.java:[122,27] cannot find symbol
  symbol:   variable Quest
  location: class com.lifeos.progression.service.ProgressionService
[INFO] 3 errors 
[INFO] -------------------------------------------------------------
[INFO] ------------------------------------------------------------------------
[INFO] BUILD FAILURE
[INFO] ------------------------------------------------------------------------
[INFO] Total time:  30.201 s
[INFO] Finished at: 2026-01-11T20:21:13+05:30
[INFO] ------------------------------------------------------------------------
[ERROR] Failed to execute goal org.apache.maven.plugins:maven-compiler-plugin:3.11.0:compile (default-compile) on project player-service: Compilation failure: Compilation failure: 
[ERROR] /C:/Users/user/Desktop/life-os/backend/player-service/src/main/java/com/lifeos/progression/service/ProgressionService.java:[122,9] cannot find symbol
[ERROR]   symbol:   class Quest
[ERROR]   location: class com.lifeos.progression.service.ProgressionService
[ERROR] /C:/Users/user/Desktop/life-os/backend/player-service/src/main/java/com/lifeos/progression/service/ProgressionService.java:[126,70] cannot find symbol
[ERROR]   symbol:   variable MAIN
[ERROR]   location: class com.lifeos.quest.domain.enums.QuestCategory
[ERROR] /C:/Users/user/Desktop/life-os/backend/player-service/src/main/java/com/lifeos/progression/service/ProgressionService.java:[122,27] cannot find symbol
[ERROR]   symbol:   variable Quest
[ERROR]   location: class com.lifeos.progression.service.ProgressionService
[ERROR] -> [Help 1]
[ERROR] 
[ERROR] To see the full stack trace of the errors, re-run Maven with the -e switch.
[ERROR] Re-run Maven using the -X switch to enable full debug logging.
[ERROR] 
[ERROR] For more information about the errors and possible solutions, please read the following articles:
[ERROR] [Help 1] http://cwiki.apache.org/confluence/display/MAVEN/MojoFailureException
