[INFO] Scanning for projects...
[INFO] 
[INFO] ---------------------< com.lifeos:player-service >----------------------
[INFO] Building player-service 0.0.1-SNAPSHOT
[INFO]   from pom.xml
[INFO] --------------------------------[ jar ]---------------------------------
[INFO] 
[INFO] --- resources:3.3.1:resources (default-resources) @ player-service ---
[INFO] Copying 1 resource from src\main\resources to target\classes
[INFO] Copying 0 resource from src\main\resources to target\classes
[INFO] 
[INFO] --- compiler:3.11.0:compile (default-compile) @ player-service ---
[INFO] Nothing to compile - all classes are up to date
[INFO] 
[INFO] --- resources:3.3.1:testResources (default-testResources) @ player-service ---
[INFO] skip non existing resourceDirectory C:\Users\user\Desktop\life-os\backend\player-service\src\test\resources
[INFO] 
[INFO] --- compiler:3.11.0:testCompile (default-testCompile) @ player-service ---
[INFO] Changes detected - recompiling the module! :source
[INFO] Compiling 13 source files with javac [debug release 17] to target\test-classes
[INFO] Annotation processing is enabled because one or more processors were found
  on the class path. A future release of javac may disable annotation processing
  unless at least one processor is specified by name (-processor), or a search
  path is specified (--processor-path, --processor-module-path), or annotation
  processing is enabled explicitly (-proc:only, -proc:full).
  Use -Xlint:-options to suppress this message.
  Use -proc:none to disable annotation processing.
[INFO] Some messages have been simplified; recompile with -Xdiags:verbose to get full output
[INFO] -------------------------------------------------------------
[ERROR] COMPILATION ERROR : 
[INFO] -------------------------------------------------------------
[ERROR] /C:/Users/user/Desktop/life-os/backend/player-service/src/test/java/com/lifeos/reward/service/RewardServiceTest.java:[174,31] incompatible types: int cannot be converted to java.lang.Long
[ERROR] /C:/Users/user/Desktop/life-os/backend/player-service/src/test/java/com/lifeos/quest/service/StatSystemTest.java:[78,37] cannot find symbol
  symbol:   variable PROMOTION
  location: class com.lifeos.quest.domain.enums.QuestType
[ERROR] /C:/Users/user/Desktop/life-os/backend/player-service/src/test/java/com/lifeos/progression/service/RankExamSystemTest.java:[66,30] cannot find symbol
  symbol:   variable List
  location: class com.lifeos.progression.service.RankExamSystemTest
[ERROR] /C:/Users/user/Desktop/life-os/backend/player-service/src/test/java/com/lifeos/economy/service/EconomySystemTest.java:[58,46] cannot find symbol
  symbol:   method playerId(java.util.UUID)
  location: class com.lifeos.economy.domain.PlayerEconomy.PlayerEconomyBuilder
[ERROR] /C:/Users/user/Desktop/life-os/backend/player-service/src/test/java/com/lifeos/economy/service/EconomySystemTest.java:[72,46] cannot find symbol
  symbol:   method playerId(java.util.UUID)
  location: class com.lifeos.economy.domain.PlayerEconomy.PlayerEconomyBuilder
[ERROR] /C:/Users/user/Desktop/life-os/backend/player-service/src/test/java/com/lifeos/economy/service/EconomySystemTest.java:[83,46] cannot find symbol
  symbol:   method playerId(java.util.UUID)
  location: class com.lifeos.economy.domain.PlayerEconomy.PlayerEconomyBuilder
[INFO] 6 errors 
[INFO] -------------------------------------------------------------
[INFO] ------------------------------------------------------------------------
[INFO] BUILD FAILURE
[INFO] ------------------------------------------------------------------------
[INFO] Total time:  19.975 s
[INFO] Finished at: 2026-01-11T20:31:06+05:30
[INFO] ------------------------------------------------------------------------
[ERROR] Failed to execute goal org.apache.maven.plugins:maven-compiler-plugin:3.11.0:testCompile (default-testCompile) on project player-service: Compilation failure: Compilation failure: 
[ERROR] /C:/Users/user/Desktop/life-os/backend/player-service/src/test/java/com/lifeos/reward/service/RewardServiceTest.java:[174,31] incompatible types: int cannot be converted to java.lang.Long
[ERROR] /C:/Users/user/Desktop/life-os/backend/player-service/src/test/java/com/lifeos/quest/service/StatSystemTest.java:[78,37] cannot find symbol
[ERROR]   symbol:   variable PROMOTION
[ERROR]   location: class com.lifeos.quest.domain.enums.QuestType
[ERROR] /C:/Users/user/Desktop/life-os/backend/player-service/src/test/java/com/lifeos/progression/service/RankExamSystemTest.java:[66,30] cannot find symbol
[ERROR]   symbol:   variable List
[ERROR]   location: class com.lifeos.progression.service.RankExamSystemTest
[ERROR] /C:/Users/user/Desktop/life-os/backend/player-service/src/test/java/com/lifeos/economy/service/EconomySystemTest.java:[58,46] cannot find symbol
[ERROR]   symbol:   method playerId(java.util.UUID)
[ERROR]   location: class com.lifeos.economy.domain.PlayerEconomy.PlayerEconomyBuilder
[ERROR] /C:/Users/user/Desktop/life-os/backend/player-service/src/test/java/com/lifeos/economy/service/EconomySystemTest.java:[72,46] cannot find symbol
[ERROR]   symbol:   method playerId(java.util.UUID)
[ERROR]   location: class com.lifeos.economy.domain.PlayerEconomy.PlayerEconomyBuilder
[ERROR] /C:/Users/user/Desktop/life-os/backend/player-service/src/test/java/com/lifeos/economy/service/EconomySystemTest.java:[83,46] cannot find symbol
[ERROR]   symbol:   method playerId(java.util.UUID)
[ERROR]   location: class com.lifeos.economy.domain.PlayerEconomy.PlayerEconomyBuilder
[ERROR] -> [Help 1]
[ERROR] 
[ERROR] To see the full stack trace of the errors, re-run Maven with the -e switch.
[ERROR] Re-run Maven using the -X switch to enable full debug logging.
[ERROR] 
[ERROR] For more information about the errors and possible solutions, please read the following articles:
[ERROR] [Help 1] http://cwiki.apache.org/confluence/display/MAVEN/MojoFailureException
